<?xml version="1.0" encoding="UTF-8"?>
<!-- Generated by org.testng.reporters.JUnitXMLReporter -->
<testsuite ignored="0" hostname="Priyankas-MacBook-Pro.local" failures="1" tests="1" name="LoginTest" time="10.188" errors="0" timestamp="2024-08-31T19:24:52 EDT">
  <testcase classname="com.w2a.testcases.LoginTest" name="loginAsBankManager" time="10.171">
    <failure type="java.lang.AssertionError" message="Login not succesful expected [true] but found [false]">
      <![CDATA[java.lang.AssertionError: Login not succesful expected [true] but found [false]
at com.w2a.testcases.LoginTest.loginAsBankManager(LoginTest.java:21)
at java.base/java.util.ArrayList.forEach(ArrayList.java:1541)
... Removed 30 stack frames]]>
    </failure>
  </testcase> <!-- loginAsBankManager -->
</testsuite> <!-- LoginTest -->
