<?xml version="1.0" encoding="UTF-8"?>
<testng-results ignored="0" total="1" passed="1" failed="0" skipped="0">
  <reporter-output>
  </reporter-output>
  <suite started-at="2024-08-31T18:20:17 EDT" name="Data driven basics" finished-at="2024-08-31T18:20:20 EDT" duration-ms="3275">
    <groups>
    </groups>
    <test started-at="2024-08-31T18:20:17 EDT" name="LoginTest" finished-at="2024-08-31T18:20:20 EDT" duration-ms="3275">
      <class name="com.w2a.testcases.LoginTest">
        <test-method is-config="true" signature="setUp()[pri:0, instance:com.w2a.testcases.LoginTest@1ca25c47]" started-at="2024-08-31T18:20:13 EDT" name="setUp" finished-at="2024-08-31T18:20:17 EDT" duration-ms="3867" status="PASS">
          <reporter-output>
          </reporter-output>
        </test-method> <!-- setUp -->
        <test-method is-config="true" signature="setUp()[pri:0, instance:com.w2a.testcases.LoginTest@1ca25c47]" started-at="2024-08-31T18:20:17 EDT" name="setUp" finished-at="2024-08-31T18:20:17 EDT" duration-ms="0" status="PASS">
          <reporter-output>
          </reporter-output>
        </test-method> <!-- setUp -->
        <test-method signature="loginAsBankManager()[pri:0, instance:com.w2a.testcases.LoginTest@1ca25c47]" started-at="2024-08-31T18:20:17 EDT" name="loginAsBankManager" finished-at="2024-08-31T18:20:20 EDT" duration-ms="3160" status="PASS">
          <reporter-output>
          </reporter-output>
        </test-method> <!-- loginAsBankManager -->
        <test-method is-config="true" signature="tearDown()[pri:0, instance:com.w2a.testcases.LoginTest@1ca25c47]" started-at="2024-08-31T18:20:20 EDT" name="tearDown" finished-at="2024-08-31T18:20:20 EDT" duration-ms="95" status="PASS">
          <reporter-output>
          </reporter-output>
        </test-method> <!-- tearDown -->
        <test-method is-config="true" signature="tearDown()[pri:0, instance:com.w2a.testcases.LoginTest@1ca25c47]" started-at="2024-08-31T18:20:20 EDT" name="tearDown" finished-at="2024-08-31T18:20:20 EDT" duration-ms="0" status="PASS">
          <reporter-output>
          </reporter-output>
        </test-method> <!-- tearDown -->
      </class> <!-- com.w2a.testcases.LoginTest -->
    </test> <!-- LoginTest -->
  </suite> <!-- Data driven basics -->
</testng-results>
